# Memory
used_memory:1011688
used_memory_human:987.98K
used_memory_rss:13930496
used_memory_rss_human:13.29M
used_memory_peak:1011688
used_memory_peak_human:987.98K
used_memory_peak_perc:100.02%
used_memory_overhead:948648
used_memory_startup:948456
used_memory_dataset:63040
used_memory_dataset_perc:99.70%
allocator_allocated:1809696
allocator_active:1994752
allocator_resident:5140480
allocator_muzzy:0
total_system_memory:16766418944
total_system_memory_human:15.61G
used_memory_lua:32768
used_memory_vm_eval:32768
used_memory_lua_human:32.00K
used_memory_scripts_eval:0
number_of_cached_scripts:0
number_of_functions:0
number_of_libraries:0
used_memory_vm_functions:33792
used_memory_vm_total:66560
used_memory_vm_total_human:65.00K
used_memory_functions:192
used_memory_scripts:192
used_memory_scripts_human:192B
maxmemory:0
maxmemory_human:0B
maxmemory_policy:noeviction
allocator_frag_ratio:1.08
allocator_frag_bytes:109024
allocator_rss_ratio:2.58
allocator_rss_bytes:3145728
rss_overhead_ratio:2.71
rss_overhead_bytes:8790016
mem_fragmentation_ratio:14.31
mem_fragmentation_bytes:12957192
mem_not_counted_for_evict:0
mem_replication_backlog:0
mem_total_replication_buffers:0
mem_clients_slaves:0
mem_clients_normal:0
mem_cluster_links:0
mem_aof_buffer:0
mem_allocator:jemalloc-5.3.0
mem_overhead_db_hashtable_rehashing:0
active_defrag_running:0
lazyfree_pending_objects:0
lazyfreed_objects:0
